IMLib/build/intermediates/manifest_merge_blame_file/debug/manifest-merger-blame-debug-report.txt
1<?xml version="1.0" encoding="utf-8"?>
2<manifest xmlns:android="http://schemas.android.com/apk/res/android"
3    package="io.rong.libcore" >
4
5    <uses-sdk
6        android:minSdkVersion="19"
6-->SIDE/IMLib/AndroidManifest.xml
7        android:targetSdkVersion="30" />
7-->SIDE/IMLib/AndroidManifest.xml
8
9    <!-- 保存图片，拍照等 -->
10    <uses-permission android:name="android.permission.WRITE_EXTERNAL_STORAGE" />
10-->SIDE/IMLib/AndroidManifest.xml:5:5-81
10-->SIDE/IMLib/AndroidManifest.xml:5:22-78
11    <uses-permission android:name="android.permission.READ_EXTERNAL_STORAGE" />
11-->SIDE/IMLib/AndroidManifest.xml:6:5-80
11-->SIDE/IMLib/AndroidManifest.xml:6:22-77
12    <!-- 网络 -->
13    <uses-permission android:name="android.permission.INTERNET" />
13-->SIDE/IMLib/AndroidManifest.xml:8:5-67
13-->SIDE/IMLib/AndroidManifest.xml:8:22-64
14    <uses-permission android:name="android.permission.ACCESS_NETWORK_STATE" />
14-->SIDE/IMLib/AndroidManifest.xml:9:5-79
14-->SIDE/IMLib/AndroidManifest.xml:9:22-76
15    <uses-permission android:name="android.permission.ACCESS_WIFI_STATE" />
15-->SIDE/IMLib/AndroidManifest.xml:10:5-76
15-->SIDE/IMLib/AndroidManifest.xml:10:22-73
16    <!-- 消息通道保活 -->
17    <uses-permission android:name="android.permission.WAKE_LOCK" />
17-->SIDE/IMLib/AndroidManifest.xml:12:5-68
17-->SIDE/IMLib/AndroidManifest.xml:12:22-65
18    <!-- 定位，如果您需要定位相关的功能，可以打开以下注释 -->
19    <!-- <uses-permission android:name="android.permission.ACCESS_FINE_LOCATION" /> -->
20
21    <uses-permission android:name="${applicationId}.permission.RONG_ACCESS_RECEIVER" />
21-->SIDE/IMLib/AndroidManifest.xml:16:5-88
21-->SIDE/IMLib/AndroidManifest.xml:16:22-85
22
23    <!-- 融云自定义接收广播权限，用于广播接收 -->
24    <permission
24-->SIDE/IMLib/AndroidManifest.xml:19:5-22:18
25        android:name="${applicationId}.permission.RONG_ACCESS_RECEIVER"
25-->SIDE/IMLib/AndroidManifest.xml:20:9-72
26        android:protectionLevel="signature" >
26-->SIDE/IMLib/AndroidManifest.xml:21:9-44
27    </permission>
28
29    <application>
29-->SIDE/IMLib/AndroidManifest.xml:24:5-63:19
30
31        <!-- imlib config begin -->
32        <service
32-->SIDE/IMLib/AndroidManifest.xml:27:9-29:38
33            android:name="io.rong.imlib.ipc.RongService"
33-->SIDE/IMLib/AndroidManifest.xml:28:13-57
34            android:process=":ipc" />
34-->SIDE/IMLib/AndroidManifest.xml:29:13-35
35
36        <receiver android:name="io.rong.imlib.ConnectChangeReceiver" />
36-->SIDE/IMLib/AndroidManifest.xml:31:9-72
36-->SIDE/IMLib/AndroidManifest.xml:31:19-69
37        <receiver
37-->SIDE/IMLib/AndroidManifest.xml:33:9-35:38
38            android:name="io.rong.imlib.HeartbeatReceiver"
38-->SIDE/IMLib/AndroidManifest.xml:34:13-59
39            android:process=":ipc" />
39-->SIDE/IMLib/AndroidManifest.xml:35:13-35
40        <!-- imlib config end -->
41
42
43        <!-- 必选： SDK 核心功能 -->
44        <service
44-->SIDE/IMLib/AndroidManifest.xml:39:9-43:46
45            android:name="io.rong.push.rongpush.PushService"
45-->SIDE/IMLib/AndroidManifest.xml:40:13-61
46            android:exported="true"
46-->SIDE/IMLib/AndroidManifest.xml:41:13-36
47            android:permission="android.permission.BIND_JOB_SERVICE"
47-->SIDE/IMLib/AndroidManifest.xml:42:13-69
48            android:process="io.rong.push" />
48-->SIDE/IMLib/AndroidManifest.xml:43:13-43
49
50        <!-- push 相关事件接收器 -->
51        <receiver
51-->SIDE/IMLib/AndroidManifest.xml:46:9-62:20
52            android:name="io.rong.push.rongpush.PushReceiver"
52-->SIDE/IMLib/AndroidManifest.xml:47:13-62
53            android:exported="true"
53-->SIDE/IMLib/AndroidManifest.xml:48:13-36
54            android:process="io.rong.push" > <!-- 此处进程可以改名，名称需要和PushService所在进程统一 -->
54-->SIDE/IMLib/AndroidManifest.xml:49:13-43
55            <!-- 心跳事件和网络切换事件监听,必须 -->
56            <intent-filter>
56-->SIDE/IMLib/AndroidManifest.xml:51:13-54:29
57                <action android:name="io.rong.push.intent.action.HEART_BEAT" />
57-->SIDE/IMLib/AndroidManifest.xml:52:17-80
57-->SIDE/IMLib/AndroidManifest.xml:52:25-77
58                <action android:name="android.net.conn.CONNECTIVITY_CHANGE" />
58-->SIDE/IMLib/AndroidManifest.xml:53:17-79
58-->SIDE/IMLib/AndroidManifest.xml:53:25-76
59            </intent-filter>
60
61            <!-- 部分用户事件监听, 用来提高推送拉活率; 可移除 -->
62            <intent-filter>
62-->SIDE/IMLib/AndroidManifest.xml:57:13-61:29
63                <action android:name="android.intent.action.USER_PRESENT" />
63-->SIDE/IMLib/AndroidManifest.xml:58:17-77
63-->SIDE/IMLib/AndroidManifest.xml:58:25-74
64                <action android:name="android.intent.action.ACTION_POWER_CONNECTED" />
64-->SIDE/IMLib/AndroidManifest.xml:59:17-87
64-->SIDE/IMLib/AndroidManifest.xml:59:25-84
65                <action android:name="android.intent.action.ACTION_POWER_DISCONNECTED" />
65-->SIDE/IMLib/AndroidManifest.xml:60:17-90
65-->SIDE/IMLib/AndroidManifest.xml:60:25-87
66            </intent-filter>
67        </receiver>
68    </application>
69
70</manifest>